<?xml version="1.0" encoding="UTF-8"?>
<!-- Generated by org.testng.reporters.JUnitXMLReporter -->
<testsuite hostname="XVMNOCLNRM212" name="Test" tests="4" failures="0" timestamp="9 May 2017 14:13:44 GMT" time="23.557" errors="0">
  <testcase name="checkin" time="15.419" classname="acceptancetest.acat"/>
  <testcase name="repairticket" time="5.157" classname="acceptancetest.acat"/>
  <testcase name="navigation" time="2.206" classname="acceptancetest.acat"/>
  <testcase name="checkout" time="0.742" classname="acceptancetest.acat"/>
</testsuite> <!-- Test -->
