<?xml version="1.0" encoding="UTF-8"?>
<!-- Generated by org.testng.reporters.JUnitXMLReporter -->
<testsuite hostname="XVMNOCLNRM212" name="Test" tests="4" failures="0" timestamp="9 May 2017 14:02:10 GMT" time="20.986" errors="0">
  <testcase name="checkin" time="13.328" classname="acceptancetest.acat"/>
  <testcase name="repairticket" time="5.402" classname="acceptancetest.acat"/>
  <testcase name="navigation" time="1.854" classname="acceptancetest.acat"/>
  <testcase name="checkout" time="0.357" classname="acceptancetest.acat"/>
</testsuite> <!-- Test -->
