<?xml version="1.0" encoding="UTF-8"?>
<testng-results skipped="0" failed="0" total="5" passed="5">
  <reporter-output>
  </reporter-output>
  <suite name="Suite" duration-ms="23506" started-at="2017-05-09T14:14:37Z" finished-at="2017-05-09T14:15:01Z">
    <groups>
    </groups>
    <test name="Test" duration-ms="23506" started-at="2017-05-09T14:14:37Z" finished-at="2017-05-09T14:15:01Z">
      <class name="functionaltest.ftat">
        <test-method status="PASS" signature="logintest()[pri:0, instance:functionaltest.ftat@1cd072a9]" name="logintest" duration-ms="13608" started-at="2017-05-09T19:44:37Z" finished-at="2017-05-09T19:44:51Z">
          <reporter-output>
          </reporter-output>
        </test-method> <!-- logintest -->
        <test-method status="PASS" signature="viewrepairticket()[pri:0, instance:functionaltest.ftat@1cd072a9]" name="viewrepairticket" duration-ms="5415" started-at="2017-05-09T19:44:51Z" finished-at="2017-05-09T19:44:56Z">
          <reporter-output>
          </reporter-output>
        </test-method> <!-- viewrepairticket -->
        <test-method status="PASS" signature="createrepairticket()[pri:0, instance:functionaltest.ftat@1cd072a9]" name="createrepairticket" duration-ms="1735" started-at="2017-05-09T19:44:56Z" finished-at="2017-05-09T19:44:58Z">
          <reporter-output>
          </reporter-output>
        </test-method> <!-- createrepairticket -->
        <test-method status="PASS" signature="pageredirection()[pri:0, instance:functionaltest.ftat@1cd072a9]" name="pageredirection" duration-ms="1896" started-at="2017-05-09T19:44:58Z" finished-at="2017-05-09T19:45:00Z">
          <reporter-output>
          </reporter-output>
        </test-method> <!-- pageredirection -->
        <test-method status="PASS" signature="logouttest()[pri:0, instance:functionaltest.ftat@1cd072a9]" name="logouttest" duration-ms="816" started-at="2017-05-09T19:45:00Z" finished-at="2017-05-09T19:45:01Z">
          <reporter-output>
          </reporter-output>
        </test-method> <!-- logouttest -->
      </class> <!-- functionaltest.ftat -->
    </test> <!-- Test -->
  </suite> <!-- Suite -->
</testng-results>
