<?xml version="1.0" encoding="UTF-8"?>
<testng-results skipped="0" failed="0" total="5" passed="5">
  <reporter-output>
  </reporter-output>
  <suite name="Suite" duration-ms="22818" started-at="2017-05-09T13:59:22Z" finished-at="2017-05-09T13:59:44Z">
    <groups>
    </groups>
    <test name="Test" duration-ms="22818" started-at="2017-05-09T13:59:22Z" finished-at="2017-05-09T13:59:44Z">
      <class name="functionaltest.ftat">
        <test-method status="PASS" signature="logintest()[pri:0, instance:functionaltest.ftat@1cd072a9]" name="logintest" duration-ms="13550" started-at="2017-05-09T19:29:22Z" finished-at="2017-05-09T19:29:35Z">
          <reporter-output>
          </reporter-output>
        </test-method> <!-- logintest -->
        <test-method status="PASS" signature="viewrepairticket()[pri:0, instance:functionaltest.ftat@1cd072a9]" name="viewrepairticket" duration-ms="5459" started-at="2017-05-09T19:29:35Z" finished-at="2017-05-09T19:29:41Z">
          <reporter-output>
          </reporter-output>
        </test-method> <!-- viewrepairticket -->
        <test-method status="PASS" signature="createrepairticket()[pri:0, instance:functionaltest.ftat@1cd072a9]" name="createrepairticket" duration-ms="1795" started-at="2017-05-09T19:29:41Z" finished-at="2017-05-09T19:29:42Z">
          <reporter-output>
          </reporter-output>
        </test-method> <!-- createrepairticket -->
        <test-method status="PASS" signature="pageredirection()[pri:0, instance:functionaltest.ftat@1cd072a9]" name="pageredirection" duration-ms="1499" started-at="2017-05-09T19:29:42Z" finished-at="2017-05-09T19:29:44Z">
          <reporter-output>
          </reporter-output>
        </test-method> <!-- pageredirection -->
        <test-method status="PASS" signature="logouttest()[pri:0, instance:functionaltest.ftat@1cd072a9]" name="logouttest" duration-ms="475" started-at="2017-05-09T19:29:44Z" finished-at="2017-05-09T19:29:44Z">
          <reporter-output>
          </reporter-output>
        </test-method> <!-- logouttest -->
      </class> <!-- functionaltest.ftat -->
    </test> <!-- Test -->
  </suite> <!-- Suite -->
</testng-results>
