<?xml version="1.0" encoding="UTF-8"?>
<!-- Generated by org.testng.reporters.JUnitXMLReporter -->
<testsuite hostname="XVMNOCLNRM212" name="Test" tests="5" failures="0" timestamp="9 May 2017 14:15:01 GMT" time="23.506" errors="0">
  <testcase name="logintest" time="13.608" classname="functionaltest.ftat"/>
  <testcase name="viewrepairticket" time="5.415" classname="functionaltest.ftat"/>
  <testcase name="createrepairticket" time="1.735" classname="functionaltest.ftat"/>
  <testcase name="pageredirection" time="1.896" classname="functionaltest.ftat"/>
  <testcase name="logouttest" time="0.816" classname="functionaltest.ftat"/>
</testsuite> <!-- Test -->
