<?xml version="1.0" encoding="UTF-8"?>
<testng-results skipped="0" failed="0" total="4" passed="4">
  <reporter-output>
  </reporter-output>
  <suite name="Suite" duration-ms="20986" started-at="2017-05-09T14:01:49Z" finished-at="2017-05-09T14:02:10Z">
    <groups>
    </groups>
    <test name="Test" duration-ms="20986" started-at="2017-05-09T14:01:49Z" finished-at="2017-05-09T14:02:10Z">
      <class name="acceptancetest.acat">
        <test-method status="PASS" signature="checkin()[pri:0, instance:acceptancetest.acat@1cd072a9]" name="checkin" duration-ms="13328" started-at="2017-05-09T19:31:49Z" finished-at="2017-05-09T19:32:02Z">
          <reporter-output>
          </reporter-output>
        </test-method> <!-- checkin -->
        <test-method status="PASS" signature="repairticket()[pri:0, instance:acceptancetest.acat@1cd072a9]" name="repairticket" duration-ms="5402" started-at="2017-05-09T19:32:02Z" finished-at="2017-05-09T19:32:08Z">
          <reporter-output>
          </reporter-output>
        </test-method> <!-- repairticket -->
        <test-method status="PASS" signature="navigation()[pri:0, instance:acceptancetest.acat@1cd072a9]" name="navigation" duration-ms="1854" started-at="2017-05-09T19:32:08Z" finished-at="2017-05-09T19:32:10Z">
          <reporter-output>
          </reporter-output>
        </test-method> <!-- navigation -->
        <test-method status="PASS" signature="checkout()[pri:0, instance:acceptancetest.acat@1cd072a9]" name="checkout" duration-ms="357" started-at="2017-05-09T19:32:10Z" finished-at="2017-05-09T19:32:10Z">
          <reporter-output>
          </reporter-output>
        </test-method> <!-- checkout -->
      </class> <!-- acceptancetest.acat -->
    </test> <!-- Test -->
  </suite> <!-- Suite -->
</testng-results>
